[2026-03-08 10:50:12] 检查文件变动...
[2026-03-08 10:50:12] 检测到变动，正在提交...
[main 84302d6] Auto update: 2026-03-08 10:50:12
 Committer: vv <vv@vvdeMacBook-Air.local>
Your name and email address were configured automatically based
on your username and hostname. Please check that they are accurate.
You can suppress this message by setting them explicitly. Run the
following command and follow the instructions in your editor to edit
your configuration file:

    git config --global --edit

After doing this, you may fix the identity used for this commit with:

    git commit --amend --reset-author

 2 files changed, 1 insertion(+)
 create mode 100644 .auto_sync/sync.log
[2026-03-08 10:50:12] 提交成功，正在推送到 GitHub...
To github.com:a69998388-bit/wechat-adiou.git
   ae8f6b7..84302d6  main -> main
[2026-03-08 10:50:12] ✅ 同步完成！
========================================
2026-03-08 10:50:16 监控服务已启动
监控目录: /Users/vv/.minimax-agent-cn/projects/2/wechat-audio-archive
========================================
✅ fswatch 路径: /opt/homebrew/bin/fswatch

----------------------------------------
2026-03-08 10:55:39 检测到文件变动，触发同步...
[2026-03-08 10:55:39] 检查文件变动...
